2025-03-13 16:15:17,111 INFO Starting HelloSpringBatchApplication using Java 21.0.5 with PID 23116 (C:\Application\git\hello-spring-batch\target\classes started by user in C:\Application\git\hello-spring-batch) 
2025-03-13 16:15:17,113 INFO No active profile set, falling back to 1 default profile: "default" 
2025-03-13 16:15:17,928 WARN Bean 'org.springframework.boot.autoconfigure.jdbc.DataSourceConfiguration$Hikari' of type [org.springframework.boot.autoconfigure.jdbc.DataSourceConfiguration$Hikari] is not eligible for getting processed by all BeanPostProcessors (for example: not eligible for auto-proxying). Is this bean getting eagerly injected into a currently created BeanPostProcessor [jobRegistryBeanPostProcessor]? Check the corresponding BeanPostProcessor declaration and its dependencies. 
2025-03-13 16:15:17,980 WARN Bean 'spring.datasource-org.springframework.boot.autoconfigure.jdbc.DataSourceProperties' of type [org.springframework.boot.autoconfigure.jdbc.DataSourceProperties] is not eligible for getting processed by all BeanPostProcessors (for example: not eligible for auto-proxying). Is this bean getting eagerly injected into a currently created BeanPostProcessor [jobRegistryBeanPostProcessor]? Check the corresponding BeanPostProcessor declaration and its dependencies. 
2025-03-13 16:15:17,981 WARN Bean 'org.springframework.boot.autoconfigure.jdbc.DataSourceAutoConfiguration$PooledDataSourceConfiguration' of type [org.springframework.boot.autoconfigure.jdbc.DataSourceAutoConfiguration$PooledDataSourceConfiguration] is not eligible for getting processed by all BeanPostProcessors (for example: not eligible for auto-proxying). Is this bean getting eagerly injected into a currently created BeanPostProcessor [jobRegistryBeanPostProcessor]? Check the corresponding BeanPostProcessor declaration and its dependencies. 
2025-03-13 16:15:17,982 WARN Bean 'jdbcConnectionDetails' of type [org.springframework.boot.autoconfigure.jdbc.PropertiesJdbcConnectionDetails] is not eligible for getting processed by all BeanPostProcessors (for example: not eligible for auto-proxying). Is this bean getting eagerly injected into a currently created BeanPostProcessor [jobRegistryBeanPostProcessor]? Check the corresponding BeanPostProcessor declaration and its dependencies. 
2025-03-13 16:15:17,999 WARN Bean 'dataSource' of type [com.zaxxer.hikari.HikariDataSource] is not eligible for getting processed by all BeanPostProcessors (for example: not eligible for auto-proxying). Is this bean getting eagerly injected into a currently created BeanPostProcessor [jobRegistryBeanPostProcessor]? Check the corresponding BeanPostProcessor declaration and its dependencies. 
2025-03-13 16:15:18,003 WARN Bean 'org.springframework.boot.autoconfigure.jdbc.DataSourceTransactionManagerAutoConfiguration$JdbcTransactionManagerConfiguration' of type [org.springframework.boot.autoconfigure.jdbc.DataSourceTransactionManagerAutoConfiguration$JdbcTransactionManagerConfiguration] is not eligible for getting processed by all BeanPostProcessors (for example: not eligible for auto-proxying). Is this bean getting eagerly injected into a currently created BeanPostProcessor [jobRegistryBeanPostProcessor]? Check the corresponding BeanPostProcessor declaration and its dependencies. 
2025-03-13 16:15:18,008 WARN Bean 'org.springframework.boot.autoconfigure.transaction.TransactionManagerCustomizationAutoConfiguration' of type [org.springframework.boot.autoconfigure.transaction.TransactionManagerCustomizationAutoConfiguration] is not eligible for getting processed by all BeanPostProcessors (for example: not eligible for auto-proxying). Is this bean getting eagerly injected into a currently created BeanPostProcessor [jobRegistryBeanPostProcessor]? Check the corresponding BeanPostProcessor declaration and its dependencies. 
2025-03-13 16:15:18,015 WARN Bean 'transactionExecutionListeners' of type [org.springframework.boot.autoconfigure.transaction.ExecutionListenersTransactionManagerCustomizer] is not eligible for getting processed by all BeanPostProcessors (for example: not eligible for auto-proxying). Is this bean getting eagerly injected into a currently created BeanPostProcessor [jobRegistryBeanPostProcessor]? Check the corresponding BeanPostProcessor declaration and its dependencies. 
2025-03-13 16:15:18,017 WARN Bean 'spring.transaction-org.springframework.boot.autoconfigure.transaction.TransactionProperties' of type [org.springframework.boot.autoconfigure.transaction.TransactionProperties] is not eligible for getting processed by all BeanPostProcessors (for example: not eligible for auto-proxying). Is this bean getting eagerly injected into a currently created BeanPostProcessor [jobRegistryBeanPostProcessor]? Check the corresponding BeanPostProcessor declaration and its dependencies. 
2025-03-13 16:15:18,018 WARN Bean 'platformTransactionManagerCustomizers' of type [org.springframework.boot.autoconfigure.transaction.TransactionManagerCustomizers] is not eligible for getting processed by all BeanPostProcessors (for example: not eligible for auto-proxying). Is this bean getting eagerly injected into a currently created BeanPostProcessor [jobRegistryBeanPostProcessor]? Check the corresponding BeanPostProcessor declaration and its dependencies. 
2025-03-13 16:15:18,022 WARN Bean 'transactionManager' of type [org.springframework.jdbc.support.JdbcTransactionManager] is not eligible for getting processed by all BeanPostProcessors (for example: not eligible for auto-proxying). Is this bean getting eagerly injected into a currently created BeanPostProcessor [jobRegistryBeanPostProcessor]? Check the corresponding BeanPostProcessor declaration and its dependencies. 
2025-03-13 16:15:18,025 WARN Bean 'spring.batch-org.springframework.boot.autoconfigure.batch.BatchProperties' of type [org.springframework.boot.autoconfigure.batch.BatchProperties] is not eligible for getting processed by all BeanPostProcessors (for example: not eligible for auto-proxying). Is this bean getting eagerly injected into a currently created BeanPostProcessor [jobRegistryBeanPostProcessor]? Check the corresponding BeanPostProcessor declaration and its dependencies. 
2025-03-13 16:15:18,032 WARN Bean 'org.springframework.boot.autoconfigure.batch.BatchAutoConfiguration$SpringBootBatchConfiguration' of type [org.springframework.boot.autoconfigure.batch.BatchAutoConfiguration$SpringBootBatchConfiguration] is not eligible for getting processed by all BeanPostProcessors (for example: not eligible for auto-proxying). The currently created BeanPostProcessor [jobRegistryBeanPostProcessor] is declared through a non-static factory method on that class; consider declaring it as static instead. 
2025-03-13 16:15:18,228 INFO Tomcat initialized with port 9090 (http) 
2025-03-13 16:15:18,241 INFO Initializing ProtocolHandler ["http-nio-9090"] 
2025-03-13 16:15:18,242 INFO Starting service [Tomcat] 
2025-03-13 16:15:18,242 INFO Starting Servlet engine: [Apache Tomcat/10.1.18] 
2025-03-13 16:15:18,291 INFO Initializing Spring embedded WebApplicationContext 
2025-03-13 16:15:18,291 INFO Root WebApplicationContext: initialization completed in 1131 ms 
2025-03-13 16:15:18,386 INFO HikariPool-1 - Starting... 
2025-03-13 16:15:18,719 INFO HikariPool-1 - Added connection com.mysql.cj.jdbc.ConnectionImpl@552fee7a 
2025-03-13 16:15:18,721 INFO HikariPool-1 - Start completed. 
2025-03-13 16:15:19,224 INFO Starting ProtocolHandler ["http-nio-9090"] 
2025-03-13 16:15:19,230 WARN Exception encountered during context initialization - cancelling refresh attempt: org.springframework.context.ApplicationContextException: Failed to start bean 'webServerStartStop' 
2025-03-13 16:15:19,231 INFO HikariPool-1 - Shutdown initiated... 
2025-03-13 16:15:19,245 INFO HikariPool-1 - Shutdown completed. 
2025-03-13 16:15:19,254 INFO 

Error starting ApplicationContext. To display the condition evaluation report re-run your application with 'debug' enabled. 
2025-03-13 16:15:19,269 ERROR 

***************************
APPLICATION FAILED TO START
***************************

Description:

Web server failed to start. Port 9090 was already in use.

Action:

Identify and stop the process that's listening on port 9090 or configure this application to listen on another port.
 
2025-03-13 16:16:03,186 INFO Starting HelloSpringBatchApplication using Java 21.0.5 with PID 21936 (C:\Application\git\hello-spring-batch\target\classes started by user in C:\Application\git\hello-spring-batch) 
2025-03-13 16:16:03,188 INFO No active profile set, falling back to 1 default profile: "default" 
2025-03-13 16:16:04,259 WARN Bean 'org.springframework.boot.autoconfigure.jdbc.DataSourceConfiguration$Hikari' of type [org.springframework.boot.autoconfigure.jdbc.DataSourceConfiguration$Hikari] is not eligible for getting processed by all BeanPostProcessors (for example: not eligible for auto-proxying). Is this bean getting eagerly injected into a currently created BeanPostProcessor [jobRegistryBeanPostProcessor]? Check the corresponding BeanPostProcessor declaration and its dependencies. 
2025-03-13 16:16:04,300 WARN Bean 'spring.datasource-org.springframework.boot.autoconfigure.jdbc.DataSourceProperties' of type [org.springframework.boot.autoconfigure.jdbc.DataSourceProperties] is not eligible for getting processed by all BeanPostProcessors (for example: not eligible for auto-proxying). Is this bean getting eagerly injected into a currently created BeanPostProcessor [jobRegistryBeanPostProcessor]? Check the corresponding BeanPostProcessor declaration and its dependencies. 
2025-03-13 16:16:04,302 WARN Bean 'org.springframework.boot.autoconfigure.jdbc.DataSourceAutoConfiguration$PooledDataSourceConfiguration' of type [org.springframework.boot.autoconfigure.jdbc.DataSourceAutoConfiguration$PooledDataSourceConfiguration] is not eligible for getting processed by all BeanPostProcessors (for example: not eligible for auto-proxying). Is this bean getting eagerly injected into a currently created BeanPostProcessor [jobRegistryBeanPostProcessor]? Check the corresponding BeanPostProcessor declaration and its dependencies. 
2025-03-13 16:16:04,303 WARN Bean 'jdbcConnectionDetails' of type [org.springframework.boot.autoconfigure.jdbc.PropertiesJdbcConnectionDetails] is not eligible for getting processed by all BeanPostProcessors (for example: not eligible for auto-proxying). Is this bean getting eagerly injected into a currently created BeanPostProcessor [jobRegistryBeanPostProcessor]? Check the corresponding BeanPostProcessor declaration and its dependencies. 
2025-03-13 16:16:04,328 WARN Bean 'dataSource' of type [com.zaxxer.hikari.HikariDataSource] is not eligible for getting processed by all BeanPostProcessors (for example: not eligible for auto-proxying). Is this bean getting eagerly injected into a currently created BeanPostProcessor [jobRegistryBeanPostProcessor]? Check the corresponding BeanPostProcessor declaration and its dependencies. 
2025-03-13 16:16:04,334 WARN Bean 'org.springframework.boot.autoconfigure.jdbc.DataSourceTransactionManagerAutoConfiguration$JdbcTransactionManagerConfiguration' of type [org.springframework.boot.autoconfigure.jdbc.DataSourceTransactionManagerAutoConfiguration$JdbcTransactionManagerConfiguration] is not eligible for getting processed by all BeanPostProcessors (for example: not eligible for auto-proxying). Is this bean getting eagerly injected into a currently created BeanPostProcessor [jobRegistryBeanPostProcessor]? Check the corresponding BeanPostProcessor declaration and its dependencies. 
2025-03-13 16:16:04,340 WARN Bean 'org.springframework.boot.autoconfigure.transaction.TransactionManagerCustomizationAutoConfiguration' of type [org.springframework.boot.autoconfigure.transaction.TransactionManagerCustomizationAutoConfiguration] is not eligible for getting processed by all BeanPostProcessors (for example: not eligible for auto-proxying). Is this bean getting eagerly injected into a currently created BeanPostProcessor [jobRegistryBeanPostProcessor]? Check the corresponding BeanPostProcessor declaration and its dependencies. 
2025-03-13 16:16:04,346 WARN Bean 'transactionExecutionListeners' of type [org.springframework.boot.autoconfigure.transaction.ExecutionListenersTransactionManagerCustomizer] is not eligible for getting processed by all BeanPostProcessors (for example: not eligible for auto-proxying). Is this bean getting eagerly injected into a currently created BeanPostProcessor [jobRegistryBeanPostProcessor]? Check the corresponding BeanPostProcessor declaration and its dependencies. 
2025-03-13 16:16:04,350 WARN Bean 'spring.transaction-org.springframework.boot.autoconfigure.transaction.TransactionProperties' of type [org.springframework.boot.autoconfigure.transaction.TransactionProperties] is not eligible for getting processed by all BeanPostProcessors (for example: not eligible for auto-proxying). Is this bean getting eagerly injected into a currently created BeanPostProcessor [jobRegistryBeanPostProcessor]? Check the corresponding BeanPostProcessor declaration and its dependencies. 
2025-03-13 16:16:04,350 WARN Bean 'platformTransactionManagerCustomizers' of type [org.springframework.boot.autoconfigure.transaction.TransactionManagerCustomizers] is not eligible for getting processed by all BeanPostProcessors (for example: not eligible for auto-proxying). Is this bean getting eagerly injected into a currently created BeanPostProcessor [jobRegistryBeanPostProcessor]? Check the corresponding BeanPostProcessor declaration and its dependencies. 
2025-03-13 16:16:04,357 WARN Bean 'transactionManager' of type [org.springframework.jdbc.support.JdbcTransactionManager] is not eligible for getting processed by all BeanPostProcessors (for example: not eligible for auto-proxying). Is this bean getting eagerly injected into a currently created BeanPostProcessor [jobRegistryBeanPostProcessor]? Check the corresponding BeanPostProcessor declaration and its dependencies. 
2025-03-13 16:16:04,360 WARN Bean 'spring.batch-org.springframework.boot.autoconfigure.batch.BatchProperties' of type [org.springframework.boot.autoconfigure.batch.BatchProperties] is not eligible for getting processed by all BeanPostProcessors (for example: not eligible for auto-proxying). Is this bean getting eagerly injected into a currently created BeanPostProcessor [jobRegistryBeanPostProcessor]? Check the corresponding BeanPostProcessor declaration and its dependencies. 
2025-03-13 16:16:04,368 WARN Bean 'org.springframework.boot.autoconfigure.batch.BatchAutoConfiguration$SpringBootBatchConfiguration' of type [org.springframework.boot.autoconfigure.batch.BatchAutoConfiguration$SpringBootBatchConfiguration] is not eligible for getting processed by all BeanPostProcessors (for example: not eligible for auto-proxying). The currently created BeanPostProcessor [jobRegistryBeanPostProcessor] is declared through a non-static factory method on that class; consider declaring it as static instead. 
2025-03-13 16:16:04,620 INFO Tomcat initialized with port 9090 (http) 
2025-03-13 16:16:04,631 INFO Initializing ProtocolHandler ["http-nio-9090"] 
2025-03-13 16:16:04,633 INFO Starting service [Tomcat] 
2025-03-13 16:16:04,633 INFO Starting Servlet engine: [Apache Tomcat/10.1.18] 
2025-03-13 16:16:04,707 INFO Initializing Spring embedded WebApplicationContext 
2025-03-13 16:16:04,708 INFO Root WebApplicationContext: initialization completed in 1426 ms 
2025-03-13 16:16:04,839 INFO HikariPool-1 - Starting... 
2025-03-13 16:16:05,239 INFO HikariPool-1 - Added connection com.mysql.cj.jdbc.ConnectionImpl@7ec3a8bd 
2025-03-13 16:16:05,243 INFO HikariPool-1 - Start completed. 
2025-03-13 16:16:05,911 INFO Starting ProtocolHandler ["http-nio-9090"] 
2025-03-13 16:16:05,917 WARN Exception encountered during context initialization - cancelling refresh attempt: org.springframework.context.ApplicationContextException: Failed to start bean 'webServerStartStop' 
2025-03-13 16:16:05,919 INFO HikariPool-1 - Shutdown initiated... 
2025-03-13 16:16:05,929 INFO HikariPool-1 - Shutdown completed. 
2025-03-13 16:16:05,941 INFO 

Error starting ApplicationContext. To display the condition evaluation report re-run your application with 'debug' enabled. 
2025-03-13 16:16:05,960 ERROR 

***************************
APPLICATION FAILED TO START
***************************

Description:

Web server failed to start. Port 9090 was already in use.

Action:

Identify and stop the process that's listening on port 9090 or configure this application to listen on another port.
 
2025-03-13 16:17:21,592 INFO Starting HelloSpringBatchApplication using Java 21.0.5 with PID 25840 (C:\Application\git\hello-spring-batch\target\classes started by user in C:\Application\git\hello-spring-batch) 
2025-03-13 16:17:21,593 INFO No active profile set, falling back to 1 default profile: "default" 
2025-03-13 16:17:22,405 WARN Bean 'org.springframework.boot.autoconfigure.jdbc.DataSourceConfiguration$Hikari' of type [org.springframework.boot.autoconfigure.jdbc.DataSourceConfiguration$Hikari] is not eligible for getting processed by all BeanPostProcessors (for example: not eligible for auto-proxying). Is this bean getting eagerly injected into a currently created BeanPostProcessor [jobRegistryBeanPostProcessor]? Check the corresponding BeanPostProcessor declaration and its dependencies. 
2025-03-13 16:17:22,436 WARN Bean 'spring.datasource-org.springframework.boot.autoconfigure.jdbc.DataSourceProperties' of type [org.springframework.boot.autoconfigure.jdbc.DataSourceProperties] is not eligible for getting processed by all BeanPostProcessors (for example: not eligible for auto-proxying). Is this bean getting eagerly injected into a currently created BeanPostProcessor [jobRegistryBeanPostProcessor]? Check the corresponding BeanPostProcessor declaration and its dependencies. 
2025-03-13 16:17:22,437 WARN Bean 'org.springframework.boot.autoconfigure.jdbc.DataSourceAutoConfiguration$PooledDataSourceConfiguration' of type [org.springframework.boot.autoconfigure.jdbc.DataSourceAutoConfiguration$PooledDataSourceConfiguration] is not eligible for getting processed by all BeanPostProcessors (for example: not eligible for auto-proxying). Is this bean getting eagerly injected into a currently created BeanPostProcessor [jobRegistryBeanPostProcessor]? Check the corresponding BeanPostProcessor declaration and its dependencies. 
2025-03-13 16:17:22,439 WARN Bean 'jdbcConnectionDetails' of type [org.springframework.boot.autoconfigure.jdbc.PropertiesJdbcConnectionDetails] is not eligible for getting processed by all BeanPostProcessors (for example: not eligible for auto-proxying). Is this bean getting eagerly injected into a currently created BeanPostProcessor [jobRegistryBeanPostProcessor]? Check the corresponding BeanPostProcessor declaration and its dependencies. 
2025-03-13 16:17:22,456 WARN Bean 'dataSource' of type [com.zaxxer.hikari.HikariDataSource] is not eligible for getting processed by all BeanPostProcessors (for example: not eligible for auto-proxying). Is this bean getting eagerly injected into a currently created BeanPostProcessor [jobRegistryBeanPostProcessor]? Check the corresponding BeanPostProcessor declaration and its dependencies. 
2025-03-13 16:17:22,459 WARN Bean 'org.springframework.boot.autoconfigure.jdbc.DataSourceTransactionManagerAutoConfiguration$JdbcTransactionManagerConfiguration' of type [org.springframework.boot.autoconfigure.jdbc.DataSourceTransactionManagerAutoConfiguration$JdbcTransactionManagerConfiguration] is not eligible for getting processed by all BeanPostProcessors (for example: not eligible for auto-proxying). Is this bean getting eagerly injected into a currently created BeanPostProcessor [jobRegistryBeanPostProcessor]? Check the corresponding BeanPostProcessor declaration and its dependencies. 
2025-03-13 16:17:22,464 WARN Bean 'org.springframework.boot.autoconfigure.transaction.TransactionManagerCustomizationAutoConfiguration' of type [org.springframework.boot.autoconfigure.transaction.TransactionManagerCustomizationAutoConfiguration] is not eligible for getting processed by all BeanPostProcessors (for example: not eligible for auto-proxying). Is this bean getting eagerly injected into a currently created BeanPostProcessor [jobRegistryBeanPostProcessor]? Check the corresponding BeanPostProcessor declaration and its dependencies. 
2025-03-13 16:17:22,470 WARN Bean 'transactionExecutionListeners' of type [org.springframework.boot.autoconfigure.transaction.ExecutionListenersTransactionManagerCustomizer] is not eligible for getting processed by all BeanPostProcessors (for example: not eligible for auto-proxying). Is this bean getting eagerly injected into a currently created BeanPostProcessor [jobRegistryBeanPostProcessor]? Check the corresponding BeanPostProcessor declaration and its dependencies. 
2025-03-13 16:17:22,472 WARN Bean 'spring.transaction-org.springframework.boot.autoconfigure.transaction.TransactionProperties' of type [org.springframework.boot.autoconfigure.transaction.TransactionProperties] is not eligible for getting processed by all BeanPostProcessors (for example: not eligible for auto-proxying). Is this bean getting eagerly injected into a currently created BeanPostProcessor [jobRegistryBeanPostProcessor]? Check the corresponding BeanPostProcessor declaration and its dependencies. 
2025-03-13 16:17:22,473 WARN Bean 'platformTransactionManagerCustomizers' of type [org.springframework.boot.autoconfigure.transaction.TransactionManagerCustomizers] is not eligible for getting processed by all BeanPostProcessors (for example: not eligible for auto-proxying). Is this bean getting eagerly injected into a currently created BeanPostProcessor [jobRegistryBeanPostProcessor]? Check the corresponding BeanPostProcessor declaration and its dependencies. 
2025-03-13 16:17:22,478 WARN Bean 'transactionManager' of type [org.springframework.jdbc.support.JdbcTransactionManager] is not eligible for getting processed by all BeanPostProcessors (for example: not eligible for auto-proxying). Is this bean getting eagerly injected into a currently created BeanPostProcessor [jobRegistryBeanPostProcessor]? Check the corresponding BeanPostProcessor declaration and its dependencies. 
2025-03-13 16:17:22,481 WARN Bean 'spring.batch-org.springframework.boot.autoconfigure.batch.BatchProperties' of type [org.springframework.boot.autoconfigure.batch.BatchProperties] is not eligible for getting processed by all BeanPostProcessors (for example: not eligible for auto-proxying). Is this bean getting eagerly injected into a currently created BeanPostProcessor [jobRegistryBeanPostProcessor]? Check the corresponding BeanPostProcessor declaration and its dependencies. 
2025-03-13 16:17:22,488 WARN Bean 'org.springframework.boot.autoconfigure.batch.BatchAutoConfiguration$SpringBootBatchConfiguration' of type [org.springframework.boot.autoconfigure.batch.BatchAutoConfiguration$SpringBootBatchConfiguration] is not eligible for getting processed by all BeanPostProcessors (for example: not eligible for auto-proxying). The currently created BeanPostProcessor [jobRegistryBeanPostProcessor] is declared through a non-static factory method on that class; consider declaring it as static instead. 
2025-03-13 16:17:22,679 INFO Tomcat initialized with port 9090 (http) 
2025-03-13 16:17:22,690 INFO Initializing ProtocolHandler ["http-nio-9090"] 
2025-03-13 16:17:22,691 INFO Starting service [Tomcat] 
2025-03-13 16:17:22,691 INFO Starting Servlet engine: [Apache Tomcat/10.1.18] 
2025-03-13 16:17:22,739 INFO Initializing Spring embedded WebApplicationContext 
2025-03-13 16:17:22,739 INFO Root WebApplicationContext: initialization completed in 1102 ms 
2025-03-13 16:17:22,836 INFO HikariPool-1 - Starting... 
2025-03-13 16:17:23,180 INFO HikariPool-1 - Added connection com.mysql.cj.jdbc.ConnectionImpl@79d7035 
2025-03-13 16:17:23,182 INFO HikariPool-1 - Start completed. 
2025-03-13 16:17:23,682 INFO Starting ProtocolHandler ["http-nio-9090"] 
2025-03-13 16:17:23,704 INFO Tomcat started on port 9090 (http) with context path '' 
2025-03-13 16:17:23,711 INFO Started HelloSpringBatchApplication in 2.469 seconds (process running for 3.286) 
2025-03-13 16:17:29,396 INFO Initializing Spring DispatcherServlet 'dispatcherServlet' 
2025-03-13 16:17:29,396 INFO Initializing Servlet 'dispatcherServlet' 
2025-03-13 16:17:29,397 INFO Completed initialization in 1 ms 
2025-03-13 16:17:29,417 WARN Resolved [org.springframework.web.HttpRequestMethodNotSupportedException: Request method 'GET' is not supported] 
2025-03-13 16:19:19,953 WARN Resolved [org.springframework.web.HttpRequestMethodNotSupportedException: Request method 'GET' is not supported] 
2025-03-13 16:19:28,844 WARN Resolved [org.springframework.web.HttpRequestMethodNotSupportedException: Request method 'GET' is not supported] 
2025-03-13 16:20:08,252 INFO Application shutdown requested. 
2025-03-13 16:20:08,254 INFO Stopping ProtocolHandler ["http-nio-9090"] 
2025-03-13 16:20:08,261 INFO HikariPool-1 - Shutdown initiated... 
2025-03-13 16:20:08,269 INFO HikariPool-1 - Shutdown completed. 
2025-03-13 16:20:10,443 INFO Starting HelloSpringBatchApplication using Java 21.0.5 with PID 8404 (C:\Application\git\hello-spring-batch\target\classes started by user in C:\Application\git\hello-spring-batch) 
2025-03-13 16:20:10,444 INFO No active profile set, falling back to 1 default profile: "default" 
2025-03-13 16:20:11,233 WARN Bean 'org.springframework.boot.autoconfigure.jdbc.DataSourceConfiguration$Hikari' of type [org.springframework.boot.autoconfigure.jdbc.DataSourceConfiguration$Hikari] is not eligible for getting processed by all BeanPostProcessors (for example: not eligible for auto-proxying). Is this bean getting eagerly injected into a currently created BeanPostProcessor [jobRegistryBeanPostProcessor]? Check the corresponding BeanPostProcessor declaration and its dependencies. 
2025-03-13 16:20:11,266 WARN Bean 'spring.datasource-org.springframework.boot.autoconfigure.jdbc.DataSourceProperties' of type [org.springframework.boot.autoconfigure.jdbc.DataSourceProperties] is not eligible for getting processed by all BeanPostProcessors (for example: not eligible for auto-proxying). Is this bean getting eagerly injected into a currently created BeanPostProcessor [jobRegistryBeanPostProcessor]? Check the corresponding BeanPostProcessor declaration and its dependencies. 
2025-03-13 16:20:11,267 WARN Bean 'org.springframework.boot.autoconfigure.jdbc.DataSourceAutoConfiguration$PooledDataSourceConfiguration' of type [org.springframework.boot.autoconfigure.jdbc.DataSourceAutoConfiguration$PooledDataSourceConfiguration] is not eligible for getting processed by all BeanPostProcessors (for example: not eligible for auto-proxying). Is this bean getting eagerly injected into a currently created BeanPostProcessor [jobRegistryBeanPostProcessor]? Check the corresponding BeanPostProcessor declaration and its dependencies. 
2025-03-13 16:20:11,267 WARN Bean 'jdbcConnectionDetails' of type [org.springframework.boot.autoconfigure.jdbc.PropertiesJdbcConnectionDetails] is not eligible for getting processed by all BeanPostProcessors (for example: not eligible for auto-proxying). Is this bean getting eagerly injected into a currently created BeanPostProcessor [jobRegistryBeanPostProcessor]? Check the corresponding BeanPostProcessor declaration and its dependencies. 
2025-03-13 16:20:11,287 WARN Bean 'dataSource' of type [com.zaxxer.hikari.HikariDataSource] is not eligible for getting processed by all BeanPostProcessors (for example: not eligible for auto-proxying). Is this bean getting eagerly injected into a currently created BeanPostProcessor [jobRegistryBeanPostProcessor]? Check the corresponding BeanPostProcessor declaration and its dependencies. 
2025-03-13 16:20:11,291 WARN Bean 'org.springframework.boot.autoconfigure.jdbc.DataSourceTransactionManagerAutoConfiguration$JdbcTransactionManagerConfiguration' of type [org.springframework.boot.autoconfigure.jdbc.DataSourceTransactionManagerAutoConfiguration$JdbcTransactionManagerConfiguration] is not eligible for getting processed by all BeanPostProcessors (for example: not eligible for auto-proxying). Is this bean getting eagerly injected into a currently created BeanPostProcessor [jobRegistryBeanPostProcessor]? Check the corresponding BeanPostProcessor declaration and its dependencies. 
2025-03-13 16:20:11,296 WARN Bean 'org.springframework.boot.autoconfigure.transaction.TransactionManagerCustomizationAutoConfiguration' of type [org.springframework.boot.autoconfigure.transaction.TransactionManagerCustomizationAutoConfiguration] is not eligible for getting processed by all BeanPostProcessors (for example: not eligible for auto-proxying). Is this bean getting eagerly injected into a currently created BeanPostProcessor [jobRegistryBeanPostProcessor]? Check the corresponding BeanPostProcessor declaration and its dependencies. 
2025-03-13 16:20:11,301 WARN Bean 'transactionExecutionListeners' of type [org.springframework.boot.autoconfigure.transaction.ExecutionListenersTransactionManagerCustomizer] is not eligible for getting processed by all BeanPostProcessors (for example: not eligible for auto-proxying). Is this bean getting eagerly injected into a currently created BeanPostProcessor [jobRegistryBeanPostProcessor]? Check the corresponding BeanPostProcessor declaration and its dependencies. 
2025-03-13 16:20:11,304 WARN Bean 'spring.transaction-org.springframework.boot.autoconfigure.transaction.TransactionProperties' of type [org.springframework.boot.autoconfigure.transaction.TransactionProperties] is not eligible for getting processed by all BeanPostProcessors (for example: not eligible for auto-proxying). Is this bean getting eagerly injected into a currently created BeanPostProcessor [jobRegistryBeanPostProcessor]? Check the corresponding BeanPostProcessor declaration and its dependencies. 
2025-03-13 16:20:11,304 WARN Bean 'platformTransactionManagerCustomizers' of type [org.springframework.boot.autoconfigure.transaction.TransactionManagerCustomizers] is not eligible for getting processed by all BeanPostProcessors (for example: not eligible for auto-proxying). Is this bean getting eagerly injected into a currently created BeanPostProcessor [jobRegistryBeanPostProcessor]? Check the corresponding BeanPostProcessor declaration and its dependencies. 
2025-03-13 16:20:11,309 WARN Bean 'transactionManager' of type [org.springframework.jdbc.support.JdbcTransactionManager] is not eligible for getting processed by all BeanPostProcessors (for example: not eligible for auto-proxying). Is this bean getting eagerly injected into a currently created BeanPostProcessor [jobRegistryBeanPostProcessor]? Check the corresponding BeanPostProcessor declaration and its dependencies. 
2025-03-13 16:20:11,312 WARN Bean 'spring.batch-org.springframework.boot.autoconfigure.batch.BatchProperties' of type [org.springframework.boot.autoconfigure.batch.BatchProperties] is not eligible for getting processed by all BeanPostProcessors (for example: not eligible for auto-proxying). Is this bean getting eagerly injected into a currently created BeanPostProcessor [jobRegistryBeanPostProcessor]? Check the corresponding BeanPostProcessor declaration and its dependencies. 
2025-03-13 16:20:11,318 WARN Bean 'org.springframework.boot.autoconfigure.batch.BatchAutoConfiguration$SpringBootBatchConfiguration' of type [org.springframework.boot.autoconfigure.batch.BatchAutoConfiguration$SpringBootBatchConfiguration] is not eligible for getting processed by all BeanPostProcessors (for example: not eligible for auto-proxying). The currently created BeanPostProcessor [jobRegistryBeanPostProcessor] is declared through a non-static factory method on that class; consider declaring it as static instead. 
2025-03-13 16:20:11,508 INFO Tomcat initialized with port 8081 (http) 
2025-03-13 16:20:11,518 INFO Initializing ProtocolHandler ["http-nio-8081"] 
2025-03-13 16:20:11,519 INFO Starting service [Tomcat] 
2025-03-13 16:20:11,519 INFO Starting Servlet engine: [Apache Tomcat/10.1.18] 
2025-03-13 16:20:11,566 INFO Initializing Spring embedded WebApplicationContext 
2025-03-13 16:20:11,566 INFO Root WebApplicationContext: initialization completed in 1076 ms 
2025-03-13 16:20:11,659 INFO HikariPool-1 - Starting... 
2025-03-13 16:20:11,984 INFO HikariPool-1 - Added connection com.mysql.cj.jdbc.ConnectionImpl@4fecf308 
2025-03-13 16:20:11,985 INFO HikariPool-1 - Start completed. 
2025-03-13 16:20:12,469 INFO Starting ProtocolHandler ["http-nio-8081"] 
2025-03-13 16:20:12,492 INFO Tomcat started on port 8081 (http) with context path '' 
2025-03-13 16:20:12,499 INFO Started HelloSpringBatchApplication in 2.405 seconds (process running for 3.223) 
2025-03-13 16:20:22,674 INFO Initializing Spring DispatcherServlet 'dispatcherServlet' 
2025-03-13 16:20:22,674 INFO Initializing Servlet 'dispatcherServlet' 
2025-03-13 16:20:22,676 INFO Completed initialization in 2 ms 
2025-03-13 16:20:22,696 WARN Resolved [org.springframework.web.HttpRequestMethodNotSupportedException: Request method 'GET' is not supported] 
2025-03-13 16:23:22,165 INFO Application shutdown requested. 
2025-03-13 16:23:22,168 INFO Stopping ProtocolHandler ["http-nio-8081"] 
2025-03-13 16:23:22,176 INFO HikariPool-1 - Shutdown initiated... 
2025-03-13 16:23:22,186 INFO HikariPool-1 - Shutdown completed. 
2025-03-13 16:23:24,335 INFO Starting HelloSpringBatchApplication using Java 21.0.5 with PID 26432 (C:\Application\git\hello-spring-batch\target\classes started by user in C:\Application\git\hello-spring-batch) 
2025-03-13 16:23:24,336 INFO No active profile set, falling back to 1 default profile: "default" 
2025-03-13 16:23:25,091 WARN Bean 'org.springframework.boot.autoconfigure.jdbc.DataSourceConfiguration$Hikari' of type [org.springframework.boot.autoconfigure.jdbc.DataSourceConfiguration$Hikari] is not eligible for getting processed by all BeanPostProcessors (for example: not eligible for auto-proxying). Is this bean getting eagerly injected into a currently created BeanPostProcessor [jobRegistryBeanPostProcessor]? Check the corresponding BeanPostProcessor declaration and its dependencies. 
2025-03-13 16:23:25,122 WARN Bean 'spring.datasource-org.springframework.boot.autoconfigure.jdbc.DataSourceProperties' of type [org.springframework.boot.autoconfigure.jdbc.DataSourceProperties] is not eligible for getting processed by all BeanPostProcessors (for example: not eligible for auto-proxying). Is this bean getting eagerly injected into a currently created BeanPostProcessor [jobRegistryBeanPostProcessor]? Check the corresponding BeanPostProcessor declaration and its dependencies. 
2025-03-13 16:23:25,123 WARN Bean 'org.springframework.boot.autoconfigure.jdbc.DataSourceAutoConfiguration$PooledDataSourceConfiguration' of type [org.springframework.boot.autoconfigure.jdbc.DataSourceAutoConfiguration$PooledDataSourceConfiguration] is not eligible for getting processed by all BeanPostProcessors (for example: not eligible for auto-proxying). Is this bean getting eagerly injected into a currently created BeanPostProcessor [jobRegistryBeanPostProcessor]? Check the corresponding BeanPostProcessor declaration and its dependencies. 
2025-03-13 16:23:25,123 WARN Bean 'jdbcConnectionDetails' of type [org.springframework.boot.autoconfigure.jdbc.PropertiesJdbcConnectionDetails] is not eligible for getting processed by all BeanPostProcessors (for example: not eligible for auto-proxying). Is this bean getting eagerly injected into a currently created BeanPostProcessor [jobRegistryBeanPostProcessor]? Check the corresponding BeanPostProcessor declaration and its dependencies. 
2025-03-13 16:23:25,140 WARN Bean 'dataSource' of type [com.zaxxer.hikari.HikariDataSource] is not eligible for getting processed by all BeanPostProcessors (for example: not eligible for auto-proxying). Is this bean getting eagerly injected into a currently created BeanPostProcessor [jobRegistryBeanPostProcessor]? Check the corresponding BeanPostProcessor declaration and its dependencies. 
2025-03-13 16:23:25,145 WARN Bean 'org.springframework.boot.autoconfigure.jdbc.DataSourceTransactionManagerAutoConfiguration$JdbcTransactionManagerConfiguration' of type [org.springframework.boot.autoconfigure.jdbc.DataSourceTransactionManagerAutoConfiguration$JdbcTransactionManagerConfiguration] is not eligible for getting processed by all BeanPostProcessors (for example: not eligible for auto-proxying). Is this bean getting eagerly injected into a currently created BeanPostProcessor [jobRegistryBeanPostProcessor]? Check the corresponding BeanPostProcessor declaration and its dependencies. 
2025-03-13 16:23:25,149 WARN Bean 'org.springframework.boot.autoconfigure.transaction.TransactionManagerCustomizationAutoConfiguration' of type [org.springframework.boot.autoconfigure.transaction.TransactionManagerCustomizationAutoConfiguration] is not eligible for getting processed by all BeanPostProcessors (for example: not eligible for auto-proxying). Is this bean getting eagerly injected into a currently created BeanPostProcessor [jobRegistryBeanPostProcessor]? Check the corresponding BeanPostProcessor declaration and its dependencies. 
2025-03-13 16:23:25,153 WARN Bean 'transactionExecutionListeners' of type [org.springframework.boot.autoconfigure.transaction.ExecutionListenersTransactionManagerCustomizer] is not eligible for getting processed by all BeanPostProcessors (for example: not eligible for auto-proxying). Is this bean getting eagerly injected into a currently created BeanPostProcessor [jobRegistryBeanPostProcessor]? Check the corresponding BeanPostProcessor declaration and its dependencies. 
2025-03-13 16:23:25,155 WARN Bean 'spring.transaction-org.springframework.boot.autoconfigure.transaction.TransactionProperties' of type [org.springframework.boot.autoconfigure.transaction.TransactionProperties] is not eligible for getting processed by all BeanPostProcessors (for example: not eligible for auto-proxying). Is this bean getting eagerly injected into a currently created BeanPostProcessor [jobRegistryBeanPostProcessor]? Check the corresponding BeanPostProcessor declaration and its dependencies. 
2025-03-13 16:23:25,157 WARN Bean 'platformTransactionManagerCustomizers' of type [org.springframework.boot.autoconfigure.transaction.TransactionManagerCustomizers] is not eligible for getting processed by all BeanPostProcessors (for example: not eligible for auto-proxying). Is this bean getting eagerly injected into a currently created BeanPostProcessor [jobRegistryBeanPostProcessor]? Check the corresponding BeanPostProcessor declaration and its dependencies. 
2025-03-13 16:23:25,161 WARN Bean 'transactionManager' of type [org.springframework.jdbc.support.JdbcTransactionManager] is not eligible for getting processed by all BeanPostProcessors (for example: not eligible for auto-proxying). Is this bean getting eagerly injected into a currently created BeanPostProcessor [jobRegistryBeanPostProcessor]? Check the corresponding BeanPostProcessor declaration and its dependencies. 
2025-03-13 16:23:25,164 WARN Bean 'spring.batch-org.springframework.boot.autoconfigure.batch.BatchProperties' of type [org.springframework.boot.autoconfigure.batch.BatchProperties] is not eligible for getting processed by all BeanPostProcessors (for example: not eligible for auto-proxying). Is this bean getting eagerly injected into a currently created BeanPostProcessor [jobRegistryBeanPostProcessor]? Check the corresponding BeanPostProcessor declaration and its dependencies. 
2025-03-13 16:23:25,171 WARN Bean 'org.springframework.boot.autoconfigure.batch.BatchAutoConfiguration$SpringBootBatchConfiguration' of type [org.springframework.boot.autoconfigure.batch.BatchAutoConfiguration$SpringBootBatchConfiguration] is not eligible for getting processed by all BeanPostProcessors (for example: not eligible for auto-proxying). The currently created BeanPostProcessor [jobRegistryBeanPostProcessor] is declared through a non-static factory method on that class; consider declaring it as static instead. 
2025-03-13 16:23:25,369 INFO Tomcat initialized with port 8081 (http) 
2025-03-13 16:23:25,379 INFO Initializing ProtocolHandler ["http-nio-8081"] 
2025-03-13 16:23:25,381 INFO Starting service [Tomcat] 
2025-03-13 16:23:25,381 INFO Starting Servlet engine: [Apache Tomcat/10.1.18] 
2025-03-13 16:23:25,430 INFO Initializing Spring embedded WebApplicationContext 
2025-03-13 16:23:25,430 INFO Root WebApplicationContext: initialization completed in 1051 ms 
2025-03-13 16:23:25,532 INFO HikariPool-1 - Starting... 
2025-03-13 16:23:25,868 INFO HikariPool-1 - Added connection com.mysql.cj.jdbc.ConnectionImpl@372461a9 
2025-03-13 16:23:25,869 INFO HikariPool-1 - Start completed. 
2025-03-13 16:23:26,376 INFO Starting ProtocolHandler ["http-nio-8081"] 
2025-03-13 16:23:26,401 INFO Tomcat started on port 8081 (http) with context path '' 
2025-03-13 16:23:26,407 INFO Started HelloSpringBatchApplication in 2.419 seconds (process running for 3.221) 
2025-03-13 16:23:38,699 INFO Initializing Spring DispatcherServlet 'dispatcherServlet' 
2025-03-13 16:23:38,700 INFO Initializing Servlet 'dispatcherServlet' 
2025-03-13 16:23:38,701 INFO Completed initialization in 0 ms 
2025-03-13 16:24:38,027 INFO Application shutdown requested. 
2025-03-13 16:24:38,031 INFO Stopping ProtocolHandler ["http-nio-8081"] 
2025-03-13 16:24:38,038 INFO HikariPool-1 - Shutdown initiated... 
2025-03-13 16:24:38,048 INFO HikariPool-1 - Shutdown completed. 
